"ARO"
"RAG"
"HAI"
"HLL"
"DEM"
"EBK"
"ELM"
"EIN"
"ANT"
"MER"
"CHD"
"GRA"
"CHM"
"LAG"
"KOP"
"GRC"
"BLA"
"GRO"
"BEH"
"SIA"
"SMM"
"DAV"
"CHU"
"ROB"
"SAM"
"SCU"
"DOL"
"PAY"
"JUN"
"WYN"
"SAE"
"VAD"
"AIG"
"MLS"
"FAH"
"MVE"
"ZER"
"CHA"
"PIL"
"ALT"
"ULR"
"PIO"
"LUG"
"NAP"
"SIO"
"MAG"
"NEU"
"SBO"
"INT"
"DIS"
"STG"
"GLA"
"GVE"
"KLO"
"GUE"
"PUY"
"GSB"
"ABO"
"VIS"
"CDF"
"RUE"
"BUS"
"LUZ"
"ENG"
"SHA"
"SMA"
"SBE"
"WFJ"
"COV"
"BAS"
"CGI"
"FRE"
"BER"
"GUT"
"GOE"
"WAE"
"TAE"
"REH"
"OTL"
"BEZ"
"MUB"
"CIM"
"EVO"
"LEI"
"GRH"
"COM"
"LAE"
"HOE"
"PLF"
"ROE"
"PSI"
"BEP"
"LOH"
"STB"
"SNG"
"AFI"
"BIN"
"MAB"
"SIE"
"MAR"
"JON"
"SAG"
"CHZ"
"GTT"
"GAD"
"SUS"
"KAI"
"STC"
"COY"
"NEB"
"WIN"
"AVA"
"VEV"
"SAI"
"SAN"
"COL"
"LTB"
"LAP"
"WIT"
"FLW"
"URN"
"HIW"
"UST"
"LEU"
"KUE"
"BOU"
"LSN"
"COS"
"TIT"
"TRU"
"VRI"
"ZEV"
"CTO"
"FRU"
"ABE"
"MOE"
"MAH"
"CHB"
"HUT"
"BUE"
"MTE"
"BRW"
"OBI"
"PRE"
"LON"
"VLS"
"SAP"
"STP"
"SAX"
"KIE"
"ARH"
"EGR"
"LAB"
"FIO"
"WEE"
"SIH"
"LGA"
"UEB"
"GOS"
"ENT"
"AND"
"THS"
"BIV"
"MTR"
"BIA"
"MAL"
"BRP"
"SOG"
"ESZ"
"KIS"
"MEV"
"BEY"
"COU"
"DOB"
"SCM"
"WAG"
"DIT"
"BRT"
"AEG"
"SVG"
"LAT"
"BLZ"
"MOB"
"ORS"
"BEX"
"CDM"
"MMO"
"AIR"
"FAI"
"BOS"
"MSG"
"SIM"
"BUF"
"MAT"
"ILZ"
"ROT"
"TST"
"KLA"
"VAE"
"SUA"
"ALS"
"AMW"
"APP"
"BIZ"
"PFA"
"OPF"
"INN"
"REM"
"LAC"
"GOA"
"FLU"
"ZWK"
"KAS"
"ZWE"
"BOL"
"THU"
"GSG"
"VST"
"MAS"
"ROM"
"VIT"
"AUB"
"MGL"
"GRE"
"AIE"
"WHF"
"BAW"
"UNK"
"MUR"
"UBB"
"OED"
"BRI"
"BEC"
"MOA"
"CEV"
"CRM"
"CMA"
"GEN"
"BIE"
"ORO"
"BRL"
"BAN"
"EGO"
"STK"
"DIA"
"BRZ"
"SPF"
"QUI"
"VAB"
"PMA"
"NAS"
"ATT"
"EVI"
"GOR"
"EGH"
"GIH"
"GES"
"FIT"
"SRS"
"VIO"
"OBR"
"VSARO"
"VSGDX"
"VSBRI"
"VSFIN"
"VSSTA"
"VSFLY"
"VSEMO"
"VSTUR"
"VSMOI"
"VSSFE"
"VSCLU"
"ROG"
"VSDUR"
"VSTRI"
"VSSOR"
"VSDER"
"VSTSN"
"VSNEN"
"VSISE"
"VSBRU"
"VSVIS"
"VSERG"
"VSCOL"
"VSSIE"
"VSCHO"
"VSBSP"
"AGATT"
"AGSTE"
"VSSAB"
"VSJEI"
"VSBAS"
"VSMAT"
"VSVER"
"VSANZ"
"VSSAL"
"VSCHY"
"WAR"
"VSCHA"
