"Arosa"
"Bad Ragaz"
"Salen-Reutenen"
"Hallau"
"Delémont"
"Ebnat-Kappel"
"Elm"
"Einsiedeln"
"Andermatt"
"Meiringen"
"Château-d'Oex"
"Fribourg / Grangeneuve"
"Chaumont"
"Langnau i.E."
"Koppigen"
"Grächen"
"Blatten, Lötschental"
"Grono"
"Passo del Bernina"
"Segl-Maria"
"Sta. Maria, Val Müstair"
"Davos"
"Chur"
"Poschiavo / Robbia"
"Samedan"
"Scuol"
"La Dôle"
"Payerne"
"Jungfraujoch"
"Wynau"
"Säntis"
"Vaduz"
"Aigle"
"Le Moléson"
"Fahy"
"Montana"
"Zermatt"
"Chasseral"
"Pilatus"
"Altdorf"
"Ulrichen"
"Piotta"
"Lugano"
"Napf"
"Sion"
"Magadino / Cadenazzo"
"Neuchâtel"
"Stabio"
"Interlaken"
"Disentis"
"St. Gallen"
"Glarus"
"Genève / Cointrin"
"Zürich / Kloten"
"Gütsch, Andermatt"
"Pully"
"Col du Grand St-Bernard"
"Adelboden"
"Visp"
"La Chaux-de-Fonds"
"Rünenberg"
"Buchs / Aarau"
"Luzern"
"Engelberg"
"Schaffhausen"
"Zürich / Fluntern"
"S. Bernardino"
"Weissfluhjoch"
"Piz Corvatsch"
"Basel / Binningen"
"Nyon / Changins"
"Bullet / La Frétaz"
"Bern / Zollikofen"
"Güttingen"
"Gösgen"
"Wädenswil"
"Aadorf / Tänikon"
"Zürich / Affoltern"
"Locarno / Monti"
"Beznau"
"Mühleberg"
"Cimetta"
"Evolène / Villa"
"Leibstadt"
"Grimsel Hospiz"
"Acquarossa / Comprovasco"
"Lägern"
"Hörnli"
"Plaffeien"
"Robièi"
"Würenlingen / PSI"
"Belp"
"Lohn, SH"
"Starkenbach"
"Seengen"
"Andelfingen"
"Binn"
"Martigny"
"Siebnen"
"Les Marécottes"
"Jona"
"Sattel, SZ"
"Cham"
"Guttannen"
"Gadmen"
"Susch"
"Kaiserstuhl, AG"
"St. Chrischona"
"Courtelary"
"Nesselboden"
"Winterthur / Seen"
"Les Avants"
"Vevey / Corseaux"
"Saignelégier"
"St. Antönien"
"Coldrerio"
"Lauterbrunnen"
"Laupen"
"Wittnau"
"Flawil"
"Urnäsch"
"Hinwil"
"Uster"
"Leukerbad"
"Küsnacht, ZH"
"Bouveret"
"Lausanne"
"Cossonay"
"Titlis"
"Trun"
"Vrin"
"Zervreila"
"Torricella / Crana"
"Frutigen"
"Aarberg"
"Möhlin"
"Mathod"
"Les Charbonnières"
"Huttwil"
"Bülach"
"Mottec"
"Braunwald"
"Oberiberg"
"St-Prex"
"Longirod"
"Vals"
"Safien Platz"
"Stöckalp"
"Salez / Saxerriet"
"Kiental"
"Altenrhein"
"Eggersriet"
"Langenbruck"
"Fionnay"
"Weesen"
"Sihlbrugg"
"Langnau am Albis"
"Uetliberg"
"Göschenen"
"Entlebuch"
"Andeer"
"Thusis"
"Bivio"
"Matro"
"Biasca"
"Malbun"
"Brusio"
"Soglio"
"Eschenz"
"Kiesen"
"Mervelier"
"Bellelay"
"Couvet"
"Benken / Doggen"
"Schmerikon"
"Waldegg"
"Dietikon"
"Bristen"
"Oberägeri"
"Savognin"
"Bergün / Latsch"
"Bellinzona"
"Montagnier, Bagnes"
"Orsières"
"Bex"
"Col des Mosses"
"Mormont"
"Airolo"
"Faido"
"Bosco/Gurin"
"Mosogno"
"Simplon-Dorf"
"Buffalora"
"Martina"
"Ilanz"
"Rothenbrunnen"
"Tschiertschen"
"Klosters"
"Vättis"
"Schaan"
"Altstätten, SG"
"Amriswil"
"Appenzell"
"Bischofszell / Sitterdorf"
"Pfäffikon, ZH"
"Opfikon"
"Innerthal"
"Rempen"
"Lachen / Galgenen"
"Göscheneralp"
"Flühli, LU"
"Zwillikon"
"Kandersteg"
"Zweisimmen"
"Boltigen"
"Thun"
"Gsteig, Gstaad"
"La Valsainte"
"Marsens"
"Romont"
"Villars-Tiercelin"
"L' Auberson"
"Magglingen"
"Grenchen"
"Affoltern i. E."
"Riedholz / Wallierhof"
"Barmelweid"
"Unterkulm"
"Muri, AG"
"Bözberg"
"Ehrendingen"
"Brig"
"Bernina / Curtinatsch"
"Mosen"
"Cevio"
"Cressier"
"Crap Masegn"
"Monte Generoso"
"Bière"
"Oron"
"La Brévine"
"Bantiger"
"Egolzwil"
"Steckborn"
"Les Diablerets"
"Brienz"
"Schüpfheim"
"Quinten"
"Valbella"
"Piz Martegnas"
"Naluns / Schlivera"
"Les Attelas"
"Evionnaz"
"Gornergrat"
"Eggishorn"
"Giswil"
"Gersau"
"Fieschertal"
"Schiers"
"Vicosoprano"
"Oberriet / Kriessern"
"Arolla"
"Barrage Grande Dixence"
"Bricola"
"Findelen"
"Stafel"
"La Fouly"
"Emosson"
"Turtmann"
"Moiry"
"Salanfe"
"Clusanfe"
"Rossberg"
"Durnand"
"Trient"
"Sorniot-Lac Inférieur"
"Derborence"
"Tsanfleuron"
"Nendaz"
"Isérables"
"Bruchji"
"Visperterminen"
"Ergisch"
"Les Collons"
"Sierre"
"Choëx"
"Bourg-St-Pierre"
"Attelwil"
"Stetten"
"Saas Balen"
"Jeizinen"
"Baltschiedertal"
"Mattsand"
"Vercorin"
"Anzère"
"Saleina"
"Champéry"
"Wartau"
"Chanrion"
