"Arosa"
"ARO"
"Bad Ragaz"
"RAG"
"Salen-Reutenen"
"HAI"
"Hallau"
"HLL"
"Delémont"
"DEM"
"Ebnat-Kappel"
"EBK"
"Elm"
"ELM"
"Einsiedeln"
"EIN"
"Andermatt"
"ANT"
"Meiringen"
"MER"
"Château-d'Oex"
"CHD"
"Fribourg / Grangeneuve"
"GRA"
"Chaumont"
"CHM"
"Langnau i.E."
"LAG"
"Koppigen"
"KOP"
"Grächen"
"GRC"
"Blatten, Lötschental"
"BLA"
"Grono"
"GRO"
"Passo del Bernina"
"BEH"
"Segl-Maria"
"SIA"
"Sta. Maria, Val Müstair"
"SMM"
"Davos"
"DAV"
"Chur"
"CHU"
"Poschiavo / Robbia"
"ROB"
"Samedan"
"SAM"
"Scuol"
"SCU"
"La Dôle"
"DOL"
"Payerne"
"PAY"
"Jungfraujoch"
"JUN"
"Wynau"
"WYN"
"Säntis"
"SAE"
"Vaduz"
"VAD"
"Aigle"
"AIG"
"Le Moléson"
"MLS"
"Fahy"
"FAH"
"Montana"
"MVE"
"Zermatt"
"ZER"
"Chasseral"
"CHA"
"Pilatus"
"PIL"
"Altdorf"
"ALT"
"Ulrichen"
"ULR"
"Piotta"
"PIO"
"Lugano"
"LUG"
"Napf"
"NAP"
"Sion"
"SIO"
"Magadino / Cadenazzo"
"MAG"
"Neuchâtel"
"NEU"
"Stabio"
"SBO"
"Interlaken"
"INT"
"Disentis"
"DIS"
"St. Gallen"
"STG"
"Glarus"
"GLA"
"Genève / Cointrin"
"GVE"
"Zürich / Kloten"
"KLO"
"Gütsch, Andermatt"
"GUE"
"Pully"
"PUY"
"Col du Grand St-Bernard"
"GSB"
"Adelboden"
"ABO"
"Visp"
"VIS"
"La Chaux-de-Fonds"
"CDF"
"Rünenberg"
"RUE"
"Buchs / Aarau"
"BUS"
"Luzern"
"LUZ"
"Engelberg"
"ENG"
"Schaffhausen"
"SHA"
"Zürich / Fluntern"
"SMA"
"S. Bernardino"
"SBE"
"Weissfluhjoch"
"WFJ"
"Piz Corvatsch"
"COV"
"Basel / Binningen"
"BAS"
"Nyon / Changins"
"CGI"
"Bullet / La Frétaz"
"FRE"
"Bern / Zollikofen"
"BER"
"Güttingen"
"GUT"
"Gösgen"
"GOE"
"Wädenswil"
"WAE"
"Aadorf / Tänikon"
"TAE"
"Zürich / Affoltern"
"REH"
"Locarno / Monti"
"OTL"
"Beznau"
"BEZ"
"Mühleberg"
"MUB"
"Cimetta"
"CIM"
"Evolène / Villa"
"EVO"
"Leibstadt"
"LEI"
"Grimsel Hospiz"
"GRH"
"Acquarossa / Comprovasco"
"COM"
"Lägern"
"LAE"
"Hörnli"
"HOE"
"Plaffeien"
"PLF"
"Robièi"
"ROE"
"Würenlingen / PSI"
"PSI"
"Belp"
"BEP"
"Lohn, SH"
"LOH"
"Starkenbach"
"STB"
"Seengen"
"SNG"
"Andelfingen"
"AFI"
"Binn"
"BIN"
"Martigny"
"MAB"
"Siebnen"
"SIE"
"Les Marécottes"
"MAR"
"Jona"
"JON"
"Sattel, SZ"
"SAG"
"Cham"
"CHZ"
"Guttannen"
"GTT"
"Gadmen"
"GAD"
"Susch"
"SUS"
"Kaiserstuhl, AG"
"KAI"
"St. Chrischona"
"STC"
"Courtelary"
"COY"
"Nesselboden"
"NEB"
"Winterthur / Seen"
"WIN"
"Les Avants"
"AVA"
"Vevey / Corseaux"
"VEV"
"Saignelégier"
"SAI"
"St. Antönien"
"SAN"
"Coldrerio"
"COL"
"Lauterbrunnen"
"LTB"
"Laupen"
"LAP"
"Wittnau"
"WIT"
"Flawil"
"FLW"
"Urnäsch"
"URN"
"Hinwil"
"HIW"
"Uster"
"UST"
"Leukerbad"
"LEU"
"Küsnacht, ZH"
"KUE"
"Bouveret"
"BOU"
"Lausanne"
"LSN"
"Cossonay"
"COS"
"Titlis"
"TIT"
"Trun"
"TRU"
"Vrin"
"VRI"
"Zervreila"
"ZEV"
"Torricella / Crana"
"CTO"
"Frutigen"
"FRU"
"Aarberg"
"ABE"
"Möhlin"
"MOE"
"Mathod"
"MAH"
"Les Charbonnières"
"CHB"
"Huttwil"
"HUT"
"Bülach"
"BUE"
"Mottec"
"MTE"
"Braunwald"
"BRW"
"Oberiberg"
"OBI"
"St-Prex"
"PRE"
"Longirod"
"LON"
"Vals"
"VLS"
"Safien Platz"
"SAP"
"Stöckalp"
"STP"
"Salez / Saxerriet"
"SAX"
"Kiental"
"KIE"
"Altenrhein"
"ARH"
"Eggersriet"
"EGR"
"Langenbruck"
"LAB"
"Fionnay"
"FIO"
"Weesen"
"WEE"
"Sihlbrugg"
"SIH"
"Langnau am Albis"
"LGA"
"Uetliberg"
"UEB"
"Göschenen"
"GOS"
"Entlebuch"
"ENT"
"Andeer"
"AND"
"Thusis"
"THS"
"Bivio"
"BIV"
"Matro"
"MTR"
"Biasca"
"BIA"
"Malbun"
"MAL"
"Brusio"
"BRP"
"Soglio"
"SOG"
"Eschenz"
"ESZ"
"Kiesen"
"KIS"
"Mervelier"
"MEV"
"Bellelay"
"BEY"
"Couvet"
"COU"
"Benken / Doggen"
"DOB"
"Schmerikon"
"SCM"
"Waldegg"
"WAG"
"Dietikon"
"DIT"
"Bristen"
"BRT"
"Oberägeri"
"AEG"
"Savognin"
"SVG"
"Bergün / Latsch"
"LAT"
"Bellinzona"
"BLZ"
"Montagnier, Bagnes"
"MOB"
"Orsières"
"ORS"
"Bex"
"BEX"
"Col des Mosses"
"CDM"
"Mormont"
"MMO"
"Airolo"
"AIR"
"Faido"
"FAI"
"Bosco/Gurin"
"BOS"
"Mosogno"
"MSG"
"Simplon-Dorf"
"SIM"
"Buffalora"
"BUF"
"Martina"
"MAT"
"Ilanz"
"ILZ"
"Rothenbrunnen"
"ROT"
"Tschiertschen"
"TST"
"Klosters"
"KLA"
"Vättis"
"VAE"
"Schaan"
"SUA"
"Altstätten, SG"
"ALS"
"Amriswil"
"AMW"
"Appenzell"
"APP"
"Bischofszell / Sitterdorf"
"BIZ"
"Pfäffikon, ZH"
"PFA"
"Opfikon"
"OPF"
"Innerthal"
"INN"
"Rempen"
"REM"
"Lachen / Galgenen"
"LAC"
"Göscheneralp"
"GOA"
"Flühli, LU"
"FLU"
"Zwillikon"
"ZWK"
"Kandersteg"
"KAS"
"Zweisimmen"
"ZWE"
"Boltigen"
"BOL"
"Thun"
"THU"
"Gsteig, Gstaad"
"GSG"
"La Valsainte"
"VST"
"Marsens"
"MAS"
"Romont"
"ROM"
"Villars-Tiercelin"
"VIT"
"L' Auberson"
"AUB"
"Magglingen"
"MGL"
"Grenchen"
"GRE"
"Affoltern i. E."
"AIE"
"Riedholz / Wallierhof"
"WHF"
"Barmelweid"
"BAW"
"Unterkulm"
"UNK"
"Muri, AG"
"MUR"
"Bözberg"
"UBB"
"Ehrendingen"
"OED"
"Brig"
"BRI"
"Bernina / Curtinatsch"
"BEC"
"Mosen"
"MOA"
"Cevio"
"CEV"
"Cressier"
"CRM"
"Crap Masegn"
"CMA"
"Monte Generoso"
"GEN"
"Bière"
"BIE"
"Oron"
"ORO"
"La Brévine"
"BRL"
"Bantiger"
"BAN"
"Egolzwil"
"EGO"
"Steckborn"
"STK"
"Les Diablerets"
"DIA"
"Brienz"
"BRZ"
"Schüpfheim"
"SPF"
"Quinten"
"QUI"
"Valbella"
"VAB"
"Piz Martegnas"
"PMA"
"Naluns / Schlivera"
"NAS"
"Les Attelas"
"ATT"
"Evionnaz"
"EVI"
"Gornergrat"
"GOR"
"Eggishorn"
"EGH"
"Giswil"
"GIH"
"Gersau"
"GES"
"Fieschertal"
"FIT"
"Schiers"
"SRS"
"Vicosoprano"
"VIO"
"Oberriet / Kriessern"
"OBR"
"Arolla"
"VSARO"
"Barrage Grande Dixence"
"VSGDX"
"Bricola"
"VSBRI"
"Findelen"
"VSFIN"
"Stafel"
"VSSTA"
"La Fouly"
"VSFLY"
"Emosson"
"VSEMO"
"Turtmann"
"VSTUR"
"Moiry"
"VSMOI"
"Salanfe"
"VSSFE"
"Clusanfe"
"VSCLU"
"Rossberg"
"ROG"
"Durnand"
"VSDUR"
"Trient"
"VSTRI"
"Sorniot-Lac Inférieur"
"VSSOR"
"Derborence"
"VSDER"
"Tsanfleuron"
"VSTSN"
"Nendaz"
"VSNEN"
"Isérables"
"VSISE"
"Bruchji"
"VSBRU"
"Visperterminen"
"VSVIS"
"Ergisch"
"VSERG"
"Les Collons"
"VSCOL"
"Sierre"
"VSSIE"
"Choëx"
"VSCHO"
"Bourg-St-Pierre"
"VSBSP"
"Attelwil"
"AGATT"
"Stetten"
"AGSTE"
"Saas Balen"
"VSSAB"
"Jeizinen"
"VSJEI"
"Baltschiedertal"
"VSBAS"
"Mattsand"
"VSMAT"
"Vercorin"
"VSVER"
"Anzère"
"VSANZ"
"Saleina"
"VSSAL"
"Champéry"
"VSCHY"
"Wartau"
"WAR"
"Chanrion"
"VSCHA"
